# JRE version: OpenJDK Runtime Environment Microsoft-8035246 (17.0.8+7) (build 17.0.8+7-LTS)
# Java VM: OpenJDK 64-Bit Server VM Microsoft-8035246 (17.0.8+7-LTS, mixed mode, sharing, tiered, compressed oops, compressed class ptrs, g1 gc, windows-amd64)
GC Precious Log:
 CPUs: 8 total, 8 available
 Memory: 7873M
 Large Page Support: Disabled
 NUMA Support: Disabled
 Compressed Oops: Enabled (32-bit)
 Heap Region Size: 1M
 Heap Min Capacity: 8M
 Heap Initial Capacity: 124M
 Heap Max Capacity: 2G
 Pre-touch: Disabled
 Parallel Workers: 8
 Concurrent Workers: 2
 Concurrent Refinement Workers: 8
 Periodic GC: Disabled
Heap:
 garbage-first heap   total 249856K, used 213438K [0x0000000080000000, 0x0000000100000000)
  region size 1024K, 34 young (34816K), 3 survivors (3072K)
 Metaspace       used 104971K, committed 106112K, reserved 557056K
  class space    used 14576K, committed 15104K, reserved 425984K
GC Heap History (20 events):
Event: 34.425 GC heap before
{Heap before GC invocations=55 (full 0):
 garbage-first heap   total 207872K, used 168519K [0x0000000080000000, 0x0000000100000000)
  region size 1024K, 37 young (37888K), 6 survivors (6144K)
 Metaspace       used 95579K, committed 96512K, reserved 557056K
  class space    used 13324K, committed 13760K, reserved 425984K
}
Event: 34.431 GC heap after
{Heap after GC invocations=56 (full 0):
 garbage-first heap   total 207872K, used 147456K [0x0000000080000000, 0x0000000100000000)
  region size 1024K, 5 young (5120K), 5 survivors (5120K)
 Metaspace       used 95579K, committed 96512K, reserved 557056K
  class space    used 13324K, committed 13760K, reserved 425984K
}
Event: 34.654 GC heap before
{Heap before GC invocations=56 (full 0):
 garbage-first heap   total 207872K, used 172032K [0x0000000080000000, 0x0000000100000000)
  region size 1024K, 29 young (29696K), 5 survivors (5120K)
 Metaspace       used 96239K, committed 97280K, reserved 557056K
  class space    used 13397K, committed 13888K, reserved 425984K
}
Event: 34.658 GC heap after
{Heap after GC invocations=57 (full 0):
 garbage-first heap   total 207872K, used 151891K [0x0000000080000000, 0x0000000100000000)
  region size 1024K, 4 young (4096K), 4 survivors (4096K)
 Metaspace       used 96239K, committed 97280K, reserved 557056K
  class space    used 13397K, committed 13888K, reserved 425984K
}
Event: 34.835 GC heap before
{Heap before GC invocations=57 (full 0):
 garbage-first heap   total 207872K, used 173395K [0x0000000080000000, 0x0000000100000000)
  region size 1024K, 25 young (25600K), 4 survivors (4096K)
 Metaspace       used 97674K, committed 98688K, reserved 557056K
  class space    used 13609K, committed 14080K, reserved 425984K
}
Event: 34.839 GC heap after
{Heap after GC invocations=58 (full 0):
 garbage-first heap   total 207872K, used 153007K [0x0000000080000000, 0x0000000100000000)
  region size 1024K, 2 young (2048K), 2 survivors (2048K)
 Metaspace       used 97674K, committed 98688K, reserved 557056K
  class space    used 13609K, committed 14080K, reserved 425984K
}
Event: 35.062 GC heap before
{Heap before GC invocations=58 (full 0):
 garbage-first heap   total 207872K, used 174511K [0x0000000080000000, 0x0000000100000000)
  region size 1024K, 23 young (23552K), 2 survivors (2048K)
 Metaspace       used 99418K, committed 100544K, reserved 557056K
  class space    used 13891K, committed 14400K, reserved 425984K
}
Event: 35.065 GC heap after
{Heap after GC invocations=59 (full 0):
 garbage-first heap   total 249856K, used 153783K [0x0000000080000000, 0x0000000100000000)
  region size 1024K, 2 young (2048K), 2 survivors (2048K)
 Metaspace       used 99418K, committed 100544K, reserved 557056K
  class space    used 13891K, committed 14400K, reserved 425984K
}
Event: 35.730 GC heap before
{Heap before GC invocations=59 (full 0):
 garbage-first heap   total 249856K, used 200887K [0x0000000080000000, 0x0000000100000000)
  region size 1024K, 48 young (49152K), 2 survivors (2048K)
 Metaspace       used 102054K, committed 103040K, reserved 557056K
  class space    used 14201K, committed 14656K, reserved 425984K
}
Event: 35.735 GC heap after
{Heap after GC invocations=60 (full 0):
 garbage-first heap   total 249856K, used 157500K [0x0000000080000000, 0x0000000100000000)
  region size 1024K, 6 young (6144K), 6 survivors (6144K)
 Metaspace       used 102054K, committed 103040K, reserved 557056K
  class space    used 14201K, committed 14656K, reserved 425984K
}
Event: 36.226 GC heap before
{Heap before GC invocations=60 (full 0):
 garbage-first heap   total 249856K, used 203580K [0x0000000080000000, 0x0000000100000000)
  region size 1024K, 51 young (52224K), 6 survivors (6144K)
 Metaspace       used 103463K, committed 104512K, reserved 557056K
  class space    used 14377K, committed 14848K, reserved 425984K
}
Event: 36.236 GC heap after
{Heap after GC invocations=61 (full 0):
 garbage-first heap   total 249856K, used 163353K [0x0000000080000000, 0x0000000100000000)
  region size 1024K, 6 young (6144K), 6 survivors (6144K)
 Metaspace       used 103463K, committed 104512K, reserved 557056K
  class space    used 14377K, committed 14848K, reserved 425984K
}
Event: 36.602 GC heap before
{Heap before GC invocations=61 (full 0):
 garbage-first heap   total 249856K, used 206361K [0x0000000080000000, 0x0000000100000000)
  region size 1024K, 48 young (49152K), 6 survivors (6144K)
 Metaspace       used 103705K, committed 104768K, reserved 557056K
  class space    used 14385K, committed 14848K, reserved 425984K
}
Event: 36.609 GC heap after
{Heap after GC invocations=62 (full 0):
 garbage-first heap   total 249856K, used 167815K [0x0000000080000000, 0x0000000100000000)
  region size 1024K, 5 young (5120K), 5 survivors (5120K)
 Metaspace       used 103705K, committed 104768K, reserved 557056K
  class space    used 14385K, committed 14848K, reserved 425984K
}
Event: 37.007 GC heap before
{Heap before GC invocations=62 (full 0):
 garbage-first heap   total 249856K, used 206727K [0x0000000080000000, 0x0000000100000000)
  region size 1024K, 44 young (45056K), 5 survivors (5120K)
 Metaspace       used 104781K, committed 105920K, reserved 557056K
  class space    used 14567K, committed 15104K, reserved 425984K
}
Event: 37.014 GC heap after
{Heap after GC invocations=63 (full 0):
 garbage-first heap   total 249856K, used 172786K [0x0000000080000000, 0x0000000100000000)
  region size 1024K, 6 young (6144K), 6 survivors (6144K)
 Metaspace       used 104781K, committed 105920K, reserved 557056K
  class space    used 14567K, committed 15104K, reserved 425984K
}
Event: 37.207 GC heap before
{Heap before GC invocations=63 (full 0):
 garbage-first heap   total 249856K, used 208626K [0x0000000080000000, 0x0000000100000000)
  region size 1024K, 42 young (43008K), 6 survivors (6144K)
 Metaspace       used 104885K, committed 106048K, reserved 557056K
  class space    used 14573K, committed 15104K, reserved 425984K
}
Event: 37.213 GC heap after
{Heap after GC invocations=64 (full 0):
 garbage-first heap   total 249856K, used 177463K [0x0000000080000000, 0x0000000100000000)
  region size 1024K, 5 young (5120K), 5 survivors (5120K)
 Metaspace       used 104885K, committed 106048K, reserved 557056K
  class space    used 14573K, committed 15104K, reserved 425984K
}
Event: 37.455 GC heap before
{Heap before GC invocations=64 (full 0):
 garbage-first heap   total 249856K, used 210231K [0x0000000080000000, 0x0000000100000000)
  region size 1024K, 38 young (38912K), 5 survivors (5120K)
 Metaspace       used 104906K, committed 106048K, reserved 557056K
  class space    used 14574K, committed 15104K, reserved 425984K
}
Event: 37.458 GC heap after
{Heap after GC invocations=65 (full 0):
 garbage-first heap   total 249856K, used 179646K [0x0000000080000000, 0x0000000100000000)
  region size 1024K, 3 young (3072K), 3 survivors (3072K)
 Metaspace       used 104906K, committed 106048K, reserved 557056K
  class space    used 14574K, committed 15104K, reserved 425984K
}

